2023-05-19T11:24:13.938Z info: Server is running on port 3030!
2023-05-19T11:24:14.029Z info: Connected to MongoDB
2023-05-19T12:00:10.919Z info: Server is running on port 3030!
2023-05-19T12:00:10.977Z info: Connected to MongoDB
2023-05-19T12:07:19.712Z info: Server is running on port 3030!
2023-05-19T12:07:19.741Z info: Connected to MongoDB
2023-05-19T12:15:55.503Z info: Server is running on port 3030!
2023-05-19T12:15:55.545Z info: Connected to MongoDB
2023-05-19T15:08:22.547Z info: Server is running on port 3030!
2023-05-19T15:08:22.626Z info: Connected to MongoDB
2023-05-19T15:08:23.986Z info: Server is running on port 3030!
2023-05-19T15:08:24.000Z info: Connected to MongoDB
2023-05-19T15:09:42.656Z info: Server is running on port 3030!
2023-05-19T15:09:42.676Z info: Connected to MongoDB
2023-05-19T15:10:06.440Z info: Server is running on port 3030!
2023-05-19T15:10:06.462Z info: Connected to MongoDB
2023-05-19T15:10:58.351Z info: Server is running on port 3030!
2023-05-19T15:10:58.372Z info: Connected to MongoDB
2023-05-19T15:11:41.006Z info: Server is running on port 3030!
2023-05-19T15:11:41.023Z info: Connected to MongoDB
2023-05-19T15:12:02.840Z info: Server is running on port 3030!
2023-05-19T15:12:02.891Z info: Connected to MongoDB
2023-05-19T15:12:18.337Z info: Server is running on port 3030!
2023-05-19T15:12:18.362Z info: Connected to MongoDB
2023-05-19T15:13:29.939Z info: Server is running on port 3030!
2023-05-19T15:13:29.965Z info: Connected to MongoDB
2023-05-19T15:14:19.420Z info: Server is running on port 3030!
2023-05-19T15:14:19.434Z info: Connected to MongoDB
2023-05-19T15:14:38.506Z info: Server is running on port 3030!
2023-05-19T15:14:38.538Z info: Connected to MongoDB
2023-05-19T15:17:23.159Z info: Server is running on port 3030!
2023-05-19T15:17:23.196Z info: Connected to MongoDB
2023-05-19T15:28:48.724Z info: Server is running on port 3030!
2023-05-19T15:28:48.774Z info: Connected to MongoDB
2023-05-19T15:28:58.672Z info: Server is running on port 3030!
2023-05-19T15:28:58.707Z info: Connected to MongoDB
2023-05-19T15:29:17.528Z info: Server is running on port 3030!
2023-05-19T15:29:17.682Z info: Connected to MongoDB
2023-05-19T15:29:33.577Z info: Server is running on port 3030!
2023-05-19T15:29:33.592Z info: Connected to MongoDB
2023-05-19T16:00:54.722Z info: Server is running on port 3030!
2023-05-19T16:00:54.801Z info: Connected to MongoDB
2023-05-19T16:00:56.802Z info: Server is running on port 3030!
2023-05-19T16:00:56.823Z info: Connected to MongoDB
2023-05-19T16:30:53.312Z info: Server is running on port 3030!
2023-05-19T16:30:53.358Z info: Connected to MongoDB
2023-05-19T19:02:03.020Z info: Server is running on port 3030!
2023-05-19T19:02:03.106Z info: Connected to MongoDB
2023-05-19T19:06:44.705Z info: Server is running on port 3030!
2023-05-19T19:06:44.774Z info: Connected to MongoDB
2023-05-19T19:10:16.802Z info: Server is running on port 3030!
2023-05-19T19:10:16.838Z info: Connected to MongoDB
2023-05-19T19:10:25.298Z info: Server is running on port 3030!
2023-05-19T19:10:25.317Z info: Connected to MongoDB
2023-05-19T19:11:29.195Z info: Received a GET request for /api/vehicles
2023-05-19T19:11:29.250Z info: Received a GET request for /api/vehicles
2023-05-19T19:11:30.591Z info: Received a GET request for /logo192.png
2023-05-19T19:11:49.909Z info: Server is running on port 3030!
2023-05-19T19:11:49.984Z info: Connected to MongoDB
2023-05-19T19:11:52.831Z info: Received a GET request for /api/vehicles
2023-05-19T19:11:52.844Z info: Received a GET request for /api/vehicles
2023-05-19T19:11:53.892Z info: Received a GET request for /logo512.png
2023-05-19T19:12:22.380Z info: Server is running on port 3030!
2023-05-19T19:12:22.421Z info: Connected to MongoDB
2023-05-19T19:12:36.674Z info: Received a GET request for /vehicles
2023-05-19T19:14:33.291Z info: Received a GET request for /vehicles
2023-05-19T19:15:12.158Z info: Received a GET request for /vehicles
2023-05-19T19:17:42.206Z info: Server is running on port 3030!
2023-05-19T19:17:42.243Z info: Connected to MongoDB
2023-05-19T19:19:55.434Z info: Received a GET request for /vehicles
2023-05-19T19:19:56.641Z info: Received a GET request for /vehicles
2023-05-19T19:23:21.268Z info: Received a GET request for /vehicles
2023-05-19T19:23:21.465Z info: Received a GET request for /vehicles
2023-05-19T19:23:27.903Z info: Received a GET request for /vehicles
2023-05-19T19:23:27.924Z info: Received a GET request for /vehicles
2023-05-19T19:23:55.008Z info: Received a GET request for /vehicles
2023-05-19T19:23:55.037Z info: Received a GET request for /vehicles
2023-05-19T19:23:55.066Z info: Received a GET request for /vehicles
2023-05-19T19:23:55.089Z info: Received a GET request for /vehicles
2023-05-19T19:23:55.106Z info: Received a GET request for /vehicles
2023-05-19T19:23:55.122Z info: Received a GET request for /vehicles
2023-05-19T19:23:55.138Z info: Received a GET request for /vehicles
2023-05-19T19:23:55.152Z info: Received a GET request for /vehicles
2023-05-19T19:23:55.167Z info: Received a GET request for /vehicles
2023-05-19T19:23:55.182Z info: Received a GET request for /vehicles
2023-05-19T19:23:55.193Z info: Received a GET request for /vehicles
2023-05-19T19:23:55.205Z info: Received a GET request for /vehicles
2023-05-19T19:23:55.217Z info: Received a GET request for /vehicles
2023-05-19T19:23:55.235Z info: Received a GET request for /vehicles
2023-05-19T19:23:55.248Z info: Received a GET request for /vehicles
2023-05-19T19:23:55.267Z info: Received a GET request for /vehicles
2023-05-19T19:23:55.281Z info: Received a GET request for /vehicles
2023-05-19T19:23:55.296Z info: Received a GET request for /vehicles
2023-05-19T19:23:55.306Z info: Received a GET request for /vehicles
2023-05-19T19:23:55.322Z info: Received a GET request for /vehicles
2023-05-19T19:23:55.332Z info: Received a GET request for /vehicles
2023-05-19T19:23:55.345Z info: Received a GET request for /vehicles
2023-05-19T19:23:55.356Z info: Received a GET request for /vehicles
2023-05-19T19:23:55.370Z info: Received a GET request for /vehicles
2023-05-19T19:23:55.385Z info: Received a GET request for /vehicles
2023-05-19T19:23:55.399Z info: Received a GET request for /vehicles
2023-05-19T19:23:55.413Z info: Received a GET request for /vehicles
2023-05-19T19:23:55.427Z info: Received a GET request for /vehicles
2023-05-19T19:23:55.438Z info: Received a GET request for /vehicles
2023-05-19T19:23:55.450Z info: Received a GET request for /vehicles
2023-05-19T19:23:55.467Z info: Received a GET request for /vehicles
2023-05-19T19:23:55.483Z info: Received a GET request for /vehicles
2023-05-19T19:23:55.495Z info: Received a GET request for /vehicles
2023-05-19T19:23:55.511Z info: Received a GET request for /vehicles
2023-05-19T19:23:55.520Z info: Received a GET request for /vehicles
2023-05-19T19:23:55.531Z info: Received a GET request for /vehicles
2023-05-19T19:23:55.541Z info: Received a GET request for /vehicles
2023-05-19T19:23:55.555Z info: Received a GET request for /vehicles
2023-05-19T19:23:55.565Z info: Received a GET request for /vehicles
2023-05-19T19:23:55.587Z info: Received a GET request for /vehicles
2023-05-19T19:23:55.734Z info: Received a GET request for /vehicles
2023-05-19T19:23:55.747Z info: Received a GET request for /vehicles
2023-05-19T19:23:55.757Z info: Received a GET request for /vehicles
2023-05-19T19:23:55.769Z info: Received a GET request for /vehicles
2023-05-19T19:23:55.778Z info: Received a GET request for /vehicles
2023-05-19T19:23:55.787Z info: Received a GET request for /vehicles
2023-05-19T19:23:55.798Z info: Received a GET request for /vehicles
2023-05-19T19:23:55.807Z info: Received a GET request for /vehicles
2023-05-19T19:23:55.818Z info: Received a GET request for /vehicles
2023-05-19T19:23:55.832Z info: Received a GET request for /vehicles
2023-05-19T19:23:55.841Z info: Received a GET request for /vehicles
2023-05-19T19:23:55.850Z info: Received a GET request for /vehicles
2023-05-19T19:23:55.859Z info: Received a GET request for /vehicles
2023-05-19T19:23:55.871Z info: Received a GET request for /vehicles
2023-05-19T19:23:55.881Z info: Received a GET request for /vehicles
2023-05-19T19:23:55.898Z info: Received a GET request for /vehicles
2023-05-19T19:23:55.911Z info: Received a GET request for /vehicles
2023-05-19T19:23:55.923Z info: Received a GET request for /vehicles
2023-05-19T19:23:55.937Z info: Received a GET request for /vehicles
2023-05-19T19:23:55.951Z info: Received a GET request for /vehicles
2023-05-19T19:23:55.970Z info: Received a GET request for /vehicles
2023-05-19T19:23:55.982Z info: Received a GET request for /vehicles
2023-05-19T19:23:56.001Z info: Received a GET request for /vehicles
2023-05-19T19:23:56.013Z info: Received a GET request for /vehicles
2023-05-19T19:23:56.023Z info: Received a GET request for /vehicles
2023-05-19T19:23:56.034Z info: Received a GET request for /vehicles
2023-05-19T19:23:56.047Z info: Received a GET request for /vehicles
2023-05-19T19:23:56.057Z info: Received a GET request for /vehicles
2023-05-19T19:23:56.067Z info: Received a GET request for /vehicles
2023-05-19T19:23:56.080Z info: Received a GET request for /vehicles
2023-05-19T19:23:56.091Z info: Received a GET request for /vehicles
2023-05-19T19:23:56.101Z info: Received a GET request for /vehicles
2023-05-19T19:23:56.114Z info: Received a GET request for /vehicles
2023-05-19T19:23:56.125Z info: Received a GET request for /vehicles
2023-05-19T19:23:56.156Z info: Received a GET request for /vehicles
2023-05-19T19:23:56.166Z info: Received a GET request for /vehicles
2023-05-19T19:23:56.177Z info: Received a GET request for /vehicles
2023-05-19T19:23:56.187Z info: Received a GET request for /vehicles
2023-05-19T19:23:56.198Z info: Received a GET request for /vehicles
2023-05-19T19:23:56.209Z info: Received a GET request for /vehicles
2023-05-19T19:23:56.237Z info: Received a GET request for /vehicles
2023-05-19T19:23:56.250Z info: Received a GET request for /vehicles
2023-05-19T19:23:56.261Z info: Received a GET request for /vehicles
2023-05-19T19:23:56.271Z info: Received a GET request for /vehicles
2023-05-19T19:23:56.283Z info: Received a GET request for /vehicles
2023-05-19T19:23:56.295Z info: Received a GET request for /vehicles
2023-05-19T19:23:56.308Z info: Received a GET request for /vehicles
2023-05-19T19:23:56.326Z info: Received a GET request for /vehicles
2023-05-19T19:23:56.340Z info: Received a GET request for /vehicles
2023-05-19T19:23:56.355Z info: Received a GET request for /vehicles
2023-05-19T19:23:56.365Z info: Received a GET request for /vehicles
2023-05-19T19:23:56.379Z info: Received a GET request for /vehicles
2023-05-19T19:23:56.398Z info: Received a GET request for /vehicles
2023-05-19T19:23:56.411Z info: Received a GET request for /vehicles
2023-05-19T19:23:56.420Z info: Received a GET request for /vehicles
2023-05-19T19:23:56.451Z info: Received a GET request for /vehicles
2023-05-19T19:23:56.460Z info: Received a GET request for /vehicles
2023-05-19T19:23:56.472Z info: Received a GET request for /vehicles
2023-05-19T19:23:56.483Z info: Received a GET request for /vehicles
2023-05-19T19:23:56.493Z info: Received a GET request for /vehicles
2023-05-19T19:23:56.504Z info: Received a GET request for /vehicles
2023-05-19T19:23:56.515Z info: Received a GET request for /vehicles
2023-05-19T19:23:56.530Z info: Received a GET request for /vehicles
2023-05-19T19:23:56.543Z info: Received a GET request for /vehicles
2023-05-19T19:23:56.562Z info: Received a GET request for /vehicles
2023-05-19T19:23:56.583Z info: Received a GET request for /vehicles
2023-05-19T19:23:56.598Z info: Received a GET request for /vehicles
2023-05-19T19:23:56.614Z info: Received a GET request for /vehicles
2023-05-19T19:23:56.625Z info: Received a GET request for /vehicles
2023-05-19T19:23:56.637Z info: Received a GET request for /vehicles
2023-05-19T19:23:56.648Z info: Received a GET request for /vehicles
2023-05-19T19:23:56.664Z info: Received a GET request for /vehicles
2023-05-19T19:23:56.686Z info: Received a GET request for /vehicles
2023-05-19T19:23:56.702Z info: Received a GET request for /vehicles
2023-05-19T19:23:56.730Z info: Received a GET request for /vehicles
2023-05-19T19:23:56.754Z info: Received a GET request for /vehicles
2023-05-19T19:23:56.798Z info: Received a GET request for /vehicles
2023-05-19T19:23:56.840Z info: Received a GET request for /vehicles
2023-05-19T19:23:56.855Z info: Received a GET request for /vehicles
2023-05-19T19:23:56.871Z info: Received a GET request for /vehicles
2023-05-19T19:23:56.889Z info: Received a GET request for /vehicles
2023-05-19T19:23:56.903Z info: Received a GET request for /vehicles
2023-05-19T19:23:56.917Z info: Received a GET request for /vehicles
2023-05-19T19:23:56.930Z info: Received a GET request for /vehicles
2023-05-19T19:23:57.017Z info: Received a GET request for /vehicles
2023-05-19T19:23:57.032Z info: Received a GET request for /vehicles
2023-05-19T19:23:57.044Z info: Received a GET request for /vehicles
2023-05-19T19:23:57.053Z info: Received a GET request for /vehicles
2023-05-19T19:23:57.063Z info: Received a GET request for /vehicles
2023-05-19T19:23:57.072Z info: Received a GET request for /vehicles
2023-05-19T19:23:57.081Z info: Received a GET request for /vehicles
2023-05-19T19:23:57.089Z info: Received a GET request for /vehicles
2023-05-19T19:23:57.099Z info: Received a GET request for /vehicles
2023-05-19T19:23:57.109Z info: Received a GET request for /vehicles
2023-05-19T19:23:57.120Z info: Received a GET request for /vehicles
2023-05-19T19:23:57.129Z info: Received a GET request for /vehicles
2023-05-19T19:23:57.137Z info: Received a GET request for /vehicles
2023-05-19T19:23:57.149Z info: Received a GET request for /vehicles
2023-05-19T19:23:57.162Z info: Received a GET request for /vehicles
2023-05-19T19:23:57.172Z info: Received a GET request for /vehicles
2023-05-19T19:23:57.181Z info: Received a GET request for /vehicles
2023-05-19T19:23:57.193Z info: Received a GET request for /vehicles
2023-05-19T19:23:57.202Z info: Received a GET request for /vehicles
2023-05-19T19:23:57.212Z info: Received a GET request for /vehicles
2023-05-19T19:23:57.221Z info: Received a GET request for /vehicles
2023-05-19T19:23:57.230Z info: Received a GET request for /vehicles
2023-05-19T19:23:57.243Z info: Received a GET request for /vehicles
2023-05-19T19:23:57.257Z info: Received a GET request for /vehicles
2023-05-19T19:23:57.270Z info: Received a GET request for /vehicles
2023-05-19T19:23:57.283Z info: Received a GET request for /vehicles
2023-05-19T19:23:57.294Z info: Received a GET request for /vehicles
2023-05-19T19:23:57.304Z info: Received a GET request for /vehicles
2023-05-19T19:23:57.314Z info: Received a GET request for /vehicles
2023-05-19T19:23:57.323Z info: Received a GET request for /vehicles
2023-05-19T19:23:57.337Z info: Received a GET request for /vehicles
2023-05-19T19:23:57.347Z info: Received a GET request for /vehicles
2023-05-19T19:23:57.358Z info: Received a GET request for /vehicles
2023-05-19T19:23:57.367Z info: Received a GET request for /vehicles
2023-05-19T19:23:57.379Z info: Received a GET request for /vehicles
2023-05-19T19:23:57.391Z info: Received a GET request for /vehicles
2023-05-19T19:23:57.414Z info: Received a GET request for /vehicles
2023-05-19T19:23:57.426Z info: Received a GET request for /vehicles
2023-05-19T19:23:57.437Z info: Received a GET request for /vehicles
2023-05-19T19:23:57.448Z info: Received a GET request for /vehicles
2023-05-19T19:23:57.460Z info: Received a GET request for /vehicles
2023-05-19T19:23:57.478Z info: Received a GET request for /vehicles
2023-05-19T19:23:57.488Z info: Received a GET request for /vehicles
2023-05-19T19:23:57.499Z info: Received a GET request for /vehicles
2023-05-19T19:23:57.509Z info: Received a GET request for /vehicles
2023-05-19T19:23:57.539Z info: Received a GET request for /vehicles
2023-05-19T19:23:57.553Z info: Received a GET request for /vehicles
2023-05-19T19:23:57.572Z info: Received a GET request for /vehicles
2023-05-19T19:23:57.585Z info: Received a GET request for /vehicles
2023-05-19T19:23:57.598Z info: Received a GET request for /vehicles
2023-05-19T19:23:57.611Z info: Received a GET request for /vehicles
2023-05-19T19:23:57.626Z info: Received a GET request for /vehicles
2023-05-19T19:23:57.637Z info: Received a GET request for /vehicles
2023-05-19T19:23:57.651Z info: Received a GET request for /vehicles
2023-05-19T19:23:57.661Z info: Received a GET request for /vehicles
2023-05-19T19:23:57.670Z info: Received a GET request for /vehicles
2023-05-19T19:23:57.683Z info: Received a GET request for /vehicles
2023-05-19T19:23:57.694Z info: Received a GET request for /vehicles
2023-05-19T19:23:57.735Z info: Received a GET request for /vehicles
2023-05-19T19:23:57.756Z info: Received a GET request for /vehicles
2023-05-19T19:23:57.769Z info: Received a GET request for /vehicles
2023-05-19T19:23:57.783Z info: Received a GET request for /vehicles
2023-05-19T19:23:57.795Z info: Received a GET request for /vehicles
2023-05-19T19:23:57.807Z info: Received a GET request for /vehicles
2023-05-19T19:23:57.819Z info: Received a GET request for /vehicles
2023-05-19T19:23:57.831Z info: Received a GET request for /vehicles
2023-05-19T19:23:57.844Z info: Received a GET request for /vehicles
2023-05-19T19:23:57.856Z info: Received a GET request for /vehicles
2023-05-19T19:23:57.868Z info: Received a GET request for /vehicles
2023-05-19T19:23:57.886Z info: Received a GET request for /vehicles
2023-05-19T19:23:57.900Z info: Received a GET request for /vehicles
2023-05-19T19:23:57.910Z info: Received a GET request for /vehicles
2023-05-19T19:23:57.920Z info: Received a GET request for /vehicles
2023-05-19T19:23:57.932Z info: Received a GET request for /vehicles
2023-05-19T19:23:57.942Z info: Received a GET request for /vehicles
2023-05-19T19:23:57.953Z info: Received a GET request for /vehicles
2023-05-19T19:23:57.964Z info: Received a GET request for /vehicles
2023-05-19T19:23:57.974Z info: Received a GET request for /vehicles
2023-05-19T19:23:57.985Z info: Received a GET request for /vehicles
2023-05-19T19:23:57.998Z info: Received a GET request for /vehicles
2023-05-19T19:23:58.011Z info: Received a GET request for /vehicles
2023-05-19T19:23:58.074Z info: Received a GET request for /vehicles
2023-05-19T19:23:58.085Z info: Received a GET request for /vehicles
2023-05-19T19:23:58.097Z info: Received a GET request for /vehicles
2023-05-19T19:23:58.112Z info: Received a GET request for /vehicles
2023-05-19T19:23:58.126Z info: Received a GET request for /vehicles
2023-05-19T19:23:58.139Z info: Received a GET request for /vehicles
2023-05-19T19:23:58.153Z info: Received a GET request for /vehicles
2023-05-19T19:23:58.165Z info: Received a GET request for /vehicles
2023-05-19T19:23:58.177Z info: Received a GET request for /vehicles
2023-05-19T19:23:58.189Z info: Received a GET request for /vehicles
2023-05-19T19:23:58.201Z info: Received a GET request for /vehicles
2023-05-19T19:23:58.212Z info: Received a GET request for /vehicles
2023-05-19T19:23:58.222Z info: Received a GET request for /vehicles
2023-05-19T19:23:58.233Z info: Received a GET request for /vehicles
2023-05-19T19:23:58.244Z info: Received a GET request for /vehicles
2023-05-19T19:23:58.255Z info: Received a GET request for /vehicles
2023-05-19T19:23:58.266Z info: Received a GET request for /vehicles
2023-05-19T19:23:58.276Z info: Received a GET request for /vehicles
2023-05-19T19:23:58.288Z info: Received a GET request for /vehicles
2023-05-19T19:23:58.300Z info: Received a GET request for /vehicles
2023-05-19T19:23:58.312Z info: Received a GET request for /vehicles
2023-05-19T19:23:58.324Z info: Received a GET request for /vehicles
2023-05-19T19:23:58.334Z info: Received a GET request for /vehicles
2023-05-19T19:23:58.345Z info: Received a GET request for /vehicles
2023-05-19T19:23:58.358Z info: Received a GET request for /vehicles
2023-05-19T19:23:58.370Z info: Received a GET request for /vehicles
2023-05-19T19:23:58.383Z info: Received a GET request for /vehicles
2023-05-19T19:23:58.395Z info: Received a GET request for /vehicles
2023-05-19T19:23:58.406Z info: Received a GET request for /vehicles
2023-05-19T19:23:58.421Z info: Received a GET request for /vehicles
2023-05-19T19:23:58.435Z info: Received a GET request for /vehicles
2023-05-19T19:23:58.447Z info: Received a GET request for /vehicles
2023-05-19T19:23:58.490Z info: Received a GET request for /vehicles
2023-05-19T19:23:58.506Z info: Received a GET request for /vehicles
2023-05-19T19:23:58.521Z info: Received a GET request for /vehicles
2023-05-19T19:23:58.535Z info: Received a GET request for /vehicles
2023-05-19T19:23:58.548Z info: Received a GET request for /vehicles
2023-05-19T19:23:58.563Z info: Received a GET request for /vehicles
2023-05-19T19:23:58.574Z info: Received a GET request for /vehicles
2023-05-19T19:23:58.587Z info: Received a GET request for /vehicles
2023-05-19T19:23:58.601Z info: Received a GET request for /vehicles
2023-05-19T19:23:58.615Z info: Received a GET request for /vehicles
2023-05-19T19:23:58.627Z info: Received a GET request for /vehicles
2023-05-19T19:23:58.640Z info: Received a GET request for /vehicles
2023-05-19T19:23:58.653Z info: Received a GET request for /vehicles
2023-05-19T19:23:58.665Z info: Received a GET request for /vehicles
2023-05-19T19:23:58.676Z info: Received a GET request for /vehicles
2023-05-19T19:23:58.689Z info: Received a GET request for /vehicles
2023-05-19T19:23:58.707Z info: Received a GET request for /vehicles
2023-05-19T19:23:58.719Z info: Received a GET request for /vehicles
2023-05-19T19:23:58.734Z info: Received a GET request for /vehicles
2023-05-19T19:23:58.747Z info: Received a GET request for /vehicles
2023-05-19T19:23:58.759Z info: Received a GET request for /vehicles
2023-05-19T19:23:58.778Z info: Received a GET request for /vehicles
2023-05-19T19:23:58.806Z info: Received a GET request for /vehicles
2023-05-19T19:23:58.821Z info: Received a GET request for /vehicles
2023-05-19T19:23:58.833Z info: Received a GET request for /vehicles
2023-05-19T19:23:58.844Z info: Received a GET request for /vehicles
2023-05-19T19:23:58.857Z info: Received a GET request for /vehicles
2023-05-19T19:23:58.870Z info: Received a GET request for /vehicles
2023-05-19T19:23:58.882Z info: Received a GET request for /vehicles
2023-05-19T19:23:58.895Z info: Received a GET request for /vehicles
2023-05-19T19:23:58.907Z info: Received a GET request for /vehicles
2023-05-19T19:23:58.926Z info: Received a GET request for /vehicles
2023-05-19T19:23:58.939Z info: Received a GET request for /vehicles
2023-05-19T19:23:58.948Z info: Received a GET request for /vehicles
2023-05-19T19:23:58.977Z info: Received a GET request for /vehicles
2023-05-19T19:23:59.015Z info: Received a GET request for /vehicles
2023-05-19T19:23:59.036Z info: Received a GET request for /vehicles
2023-05-19T19:23:59.055Z info: Received a GET request for /vehicles
2023-05-19T19:23:59.083Z info: Received a GET request for /vehicles
2023-05-19T19:23:59.102Z info: Received a GET request for /vehicles
2023-05-19T19:23:59.115Z info: Received a GET request for /vehicles
2023-05-19T19:23:59.125Z info: Received a GET request for /vehicles
2023-05-19T19:23:59.137Z info: Received a GET request for /vehicles
2023-05-19T19:23:59.166Z info: Received a GET request for /vehicles
2023-05-19T19:23:59.175Z info: Received a GET request for /vehicles
2023-05-19T19:23:59.185Z info: Received a GET request for /vehicles
2023-05-19T19:23:59.196Z info: Received a GET request for /vehicles
2023-05-19T19:23:59.209Z info: Received a GET request for /vehicles
2023-05-19T19:23:59.219Z info: Received a GET request for /vehicles
2023-05-19T19:23:59.230Z info: Received a GET request for /vehicles
2023-05-19T19:23:59.242Z info: Received a GET request for /vehicles
2023-05-19T19:23:59.251Z info: Received a GET request for /vehicles
2023-05-19T19:23:59.262Z info: Received a GET request for /vehicles
2023-05-19T19:23:59.272Z info: Received a GET request for /vehicles
2023-05-19T19:23:59.282Z info: Received a GET request for /vehicles
2023-05-19T19:23:59.294Z info: Received a GET request for /vehicles
2023-05-19T19:23:59.302Z info: Received a GET request for /vehicles
2023-05-19T19:23:59.311Z info: Received a GET request for /vehicles
2023-05-19T19:23:59.322Z info: Received a GET request for /vehicles
2023-05-19T19:23:59.332Z info: Received a GET request for /vehicles
2023-05-19T19:23:59.348Z info: Received a GET request for /vehicles
2023-05-19T19:23:59.360Z info: Received a GET request for /vehicles
2023-05-19T19:23:59.370Z info: Received a GET request for /vehicles
2023-05-19T19:23:59.380Z info: Received a GET request for /vehicles
2023-05-19T19:23:59.400Z info: Received a GET request for /vehicles
2023-05-19T19:23:59.413Z info: Received a GET request for /vehicles
2023-05-19T19:23:59.423Z info: Received a GET request for /vehicles
2023-05-19T19:23:59.433Z info: Received a GET request for /vehicles
2023-05-19T19:23:59.444Z info: Received a GET request for /vehicles
2023-05-19T19:23:59.458Z info: Received a GET request for /vehicles
2023-05-19T19:23:59.468Z info: Received a GET request for /vehicles
2023-05-19T19:23:59.477Z info: Received a GET request for /vehicles
2023-05-19T19:23:59.492Z info: Received a GET request for /vehicles
2023-05-19T19:23:59.503Z info: Received a GET request for /vehicles
2023-05-19T19:23:59.516Z info: Received a GET request for /vehicles
2023-05-19T19:23:59.532Z info: Received a GET request for /vehicles
2023-05-19T19:23:59.542Z info: Received a GET request for /vehicles
2023-05-19T19:23:59.553Z info: Received a GET request for /vehicles
2023-05-19T19:23:59.565Z info: Received a GET request for /vehicles
2023-05-19T19:23:59.575Z info: Received a GET request for /vehicles
2023-05-19T19:23:59.587Z info: Received a GET request for /vehicles
2023-05-19T19:23:59.600Z info: Received a GET request for /vehicles
2023-05-19T19:23:59.621Z info: Received a GET request for /vehicles
2023-05-19T19:23:59.633Z info: Received a GET request for /vehicles
2023-05-19T19:23:59.645Z info: Received a GET request for /vehicles
2023-05-19T19:23:59.663Z info: Received a GET request for /vehicles
2023-05-19T19:23:59.677Z info: Received a GET request for /vehicles
2023-05-19T19:23:59.689Z info: Received a GET request for /vehicles
2023-05-19T19:23:59.703Z info: Received a GET request for /vehicles
2023-05-19T19:23:59.712Z info: Received a GET request for /vehicles
2023-05-19T19:23:59.725Z info: Received a GET request for /vehicles
2023-05-19T19:23:59.738Z info: Received a GET request for /vehicles
2023-05-19T19:23:59.751Z info: Received a GET request for /vehicles
2023-05-19T19:23:59.765Z info: Received a GET request for /vehicles
2023-05-19T19:23:59.776Z info: Received a GET request for /vehicles
2023-05-19T19:23:59.788Z info: Received a GET request for /vehicles
2023-05-19T19:23:59.802Z info: Received a GET request for /vehicles
2023-05-19T19:23:59.816Z info: Received a GET request for /vehicles
2023-05-19T19:23:59.828Z info: Received a GET request for /vehicles
2023-05-19T19:23:59.844Z info: Received a GET request for /vehicles
2023-05-19T19:23:59.855Z info: Received a GET request for /vehicles
2023-05-19T19:23:59.866Z info: Received a GET request for /vehicles
2023-05-19T19:23:59.877Z info: Received a GET request for /vehicles
2023-05-19T19:23:59.888Z info: Received a GET request for /vehicles
2023-05-19T19:23:59.899Z info: Received a GET request for /vehicles
2023-05-19T19:23:59.912Z info: Received a GET request for /vehicles
2023-05-19T19:23:59.924Z info: Received a GET request for /vehicles
2023-05-19T19:23:59.938Z info: Received a GET request for /vehicles
2023-05-19T19:23:59.952Z info: Received a GET request for /vehicles
2023-05-19T19:23:59.975Z info: Received a GET request for /vehicles
2023-05-19T19:24:00.001Z info: Received a GET request for /vehicles
2023-05-19T19:24:00.018Z info: Received a GET request for /vehicles
2023-05-19T19:24:00.032Z info: Received a GET request for /vehicles
2023-05-19T19:24:00.045Z info: Received a GET request for /vehicles
2023-05-19T19:24:00.073Z info: Received a GET request for /vehicles
2023-05-19T19:24:00.087Z info: Received a GET request for /vehicles
2023-05-19T19:24:00.099Z info: Received a GET request for /vehicles
2023-05-19T19:24:00.112Z info: Received a GET request for /vehicles
2023-05-19T19:24:00.126Z info: Received a GET request for /vehicles
2023-05-19T19:24:00.138Z info: Received a GET request for /vehicles
2023-05-19T19:24:00.150Z info: Received a GET request for /vehicles
2023-05-19T19:24:00.161Z info: Received a GET request for /vehicles
2023-05-19T19:24:00.173Z info: Received a GET request for /vehicles
2023-05-19T19:24:00.185Z info: Received a GET request for /vehicles
2023-05-19T19:24:00.197Z info: Received a GET request for /vehicles
2023-05-19T19:24:00.209Z info: Received a GET request for /vehicles
2023-05-19T19:24:00.220Z info: Received a GET request for /vehicles
2023-05-19T19:24:00.232Z info: Received a GET request for /vehicles
2023-05-19T19:24:00.245Z info: Received a GET request for /vehicles
2023-05-19T19:24:00.257Z info: Received a GET request for /vehicles
2023-05-19T19:24:00.320Z info: Received a GET request for /vehicles
2023-05-19T19:24:00.330Z info: Received a GET request for /vehicles
2023-05-19T19:24:00.339Z info: Received a GET request for /vehicles
2023-05-19T19:24:00.348Z info: Received a GET request for /vehicles
2023-05-19T19:24:00.359Z info: Received a GET request for /vehicles
2023-05-19T19:24:00.370Z info: Received a GET request for /vehicles
2023-05-19T19:24:00.381Z info: Received a GET request for /vehicles
2023-05-19T19:24:00.391Z info: Received a GET request for /vehicles
2023-05-19T19:24:00.403Z info: Received a GET request for /vehicles
2023-05-19T19:24:00.415Z info: Received a GET request for /vehicles
2023-05-19T19:24:00.425Z info: Received a GET request for /vehicles
2023-05-19T19:24:00.433Z info: Received a GET request for /vehicles
2023-05-19T19:24:00.441Z info: Received a GET request for /vehicles
2023-05-19T19:24:00.453Z info: Received a GET request for /vehicles
2023-05-19T19:24:00.462Z info: Received a GET request for /vehicles
2023-05-19T19:24:00.472Z info: Received a GET request for /vehicles
2023-05-19T19:24:00.484Z info: Received a GET request for /vehicles
2023-05-19T19:24:00.500Z info: Received a GET request for /vehicles
2023-05-19T19:24:00.518Z info: Received a GET request for /vehicles
2023-05-19T19:24:00.531Z info: Received a GET request for /vehicles
2023-05-19T19:24:00.541Z info: Received a GET request for /vehicles
2023-05-19T19:24:00.553Z info: Received a GET request for /vehicles
2023-05-19T19:24:00.566Z info: Received a GET request for /vehicles
2023-05-19T19:24:00.578Z info: Received a GET request for /vehicles
2023-05-19T19:24:00.587Z info: Received a GET request for /vehicles
2023-05-19T19:24:00.615Z info: Received a GET request for /vehicles
2023-05-19T19:24:00.629Z info: Received a GET request for /vehicles
2023-05-19T19:24:00.637Z info: Received a GET request for /vehicles
2023-05-19T19:24:00.650Z info: Received a GET request for /vehicles
2023-05-19T19:24:00.664Z info: Received a GET request for /vehicles
2023-05-19T19:24:00.677Z info: Received a GET request for /vehicles
2023-05-19T19:24:00.690Z info: Received a GET request for /vehicles
2023-05-19T19:24:00.721Z info: Received a GET request for /vehicles
2023-05-19T19:24:00.734Z info: Received a GET request for /vehicles
2023-05-19T19:24:00.745Z info: Received a GET request for /vehicles
2023-05-19T19:24:00.756Z info: Received a GET request for /vehicles
2023-05-19T19:24:00.769Z info: Received a GET request for /vehicles
2023-05-19T19:24:00.780Z info: Received a GET request for /vehicles
2023-05-19T19:24:00.793Z info: Received a GET request for /vehicles
2023-05-19T19:24:00.809Z info: Received a GET request for /vehicles
2023-05-19T19:24:00.824Z info: Received a GET request for /vehicles
2023-05-19T19:24:00.836Z info: Received a GET request for /vehicles
2023-05-19T19:24:00.849Z info: Received a GET request for /vehicles
2023-05-19T19:24:00.863Z info: Received a GET request for /vehicles
2023-05-19T19:24:00.875Z info: Received a GET request for /vehicles
2023-05-19T19:24:00.891Z info: Received a GET request for /vehicles
2023-05-19T19:24:00.905Z info: Received a GET request for /vehicles
2023-05-19T19:24:00.920Z info: Received a GET request for /vehicles
2023-05-19T19:24:00.933Z info: Received a GET request for /vehicles
2023-05-19T19:24:00.945Z info: Received a GET request for /vehicles
2023-05-19T19:24:00.959Z info: Received a GET request for /vehicles
2023-05-19T19:24:00.972Z info: Received a GET request for /vehicles
2023-05-19T19:24:00.985Z info: Received a GET request for /vehicles
2023-05-19T19:24:01.002Z info: Received a GET request for /vehicles
2023-05-19T19:24:01.017Z info: Received a GET request for /vehicles
2023-05-19T19:24:01.040Z info: Received a GET request for /vehicles
2023-05-19T19:24:01.051Z info: Received a GET request for /vehicles
2023-05-19T19:24:01.061Z info: Received a GET request for /vehicles
2023-05-19T19:24:01.073Z info: Received a GET request for /vehicles
2023-05-19T19:24:01.082Z info: Received a GET request for /vehicles
2023-05-19T19:24:01.091Z info: Received a GET request for /vehicles
2023-05-19T19:24:01.126Z info: Received a GET request for /vehicles
2023-05-19T19:24:01.144Z info: Received a GET request for /vehicles
2023-05-19T19:24:01.168Z info: Received a GET request for /vehicles
2023-05-19T19:24:01.200Z info: Received a GET request for /vehicles
2023-05-19T19:24:01.228Z info: Received a GET request for /vehicles
2023-05-19T19:24:01.252Z info: Received a GET request for /vehicles
2023-05-19T19:24:01.267Z info: Received a GET request for /vehicles
2023-05-19T19:24:01.283Z info: Received a GET request for /vehicles
2023-05-19T19:24:01.296Z info: Received a GET request for /vehicles
2023-05-19T19:24:01.314Z info: Received a GET request for /vehicles
2023-05-19T19:24:01.353Z info: Received a GET request for /vehicles
2023-05-19T19:24:01.378Z info: Received a GET request for /vehicles
2023-05-19T19:24:01.389Z info: Received a GET request for /vehicles
2023-05-19T19:24:01.399Z info: Received a GET request for /vehicles
2023-05-19T19:24:01.408Z info: Received a GET request for /vehicles
2023-05-19T19:24:01.423Z info: Received a GET request for /vehicles
2023-05-19T19:24:01.443Z info: Received a GET request for /vehicles
2023-05-19T19:24:01.453Z info: Received a GET request for /vehicles
2023-05-19T19:24:01.463Z info: Received a GET request for /vehicles
2023-05-19T19:24:01.477Z info: Received a GET request for /vehicles
2023-05-19T19:24:01.488Z info: Received a GET request for /vehicles
2023-05-19T19:24:01.498Z info: Received a GET request for /vehicles
2023-05-19T19:24:01.507Z info: Received a GET request for /vehicles
2023-05-19T19:24:01.516Z info: Received a GET request for /vehicles
2023-05-19T19:24:01.526Z info: Received a GET request for /vehicles
2023-05-19T19:24:01.535Z info: Received a GET request for /vehicles
2023-05-19T19:24:01.544Z info: Received a GET request for /vehicles
2023-05-19T19:24:01.553Z info: Received a GET request for /vehicles
2023-05-19T19:24:01.563Z info: Received a GET request for /vehicles
2023-05-19T19:24:01.577Z info: Received a GET request for /vehicles
2023-05-19T19:24:01.589Z info: Received a GET request for /vehicles
2023-05-19T19:24:01.598Z info: Received a GET request for /vehicles
2023-05-19T19:24:01.608Z info: Received a GET request for /vehicles
2023-05-19T19:24:01.618Z info: Received a GET request for /vehicles
2023-05-19T19:24:01.627Z info: Received a GET request for /vehicles
2023-05-19T19:24:01.637Z info: Received a GET request for /vehicles
2023-05-19T19:24:01.647Z info: Received a GET request for /vehicles
2023-05-19T19:24:01.656Z info: Received a GET request for /vehicles
2023-05-19T19:24:01.666Z info: Received a GET request for /vehicles
2023-05-19T19:24:01.676Z info: Received a GET request for /vehicles
2023-05-19T19:24:01.687Z info: Received a GET request for /vehicles
2023-05-19T19:24:01.700Z info: Received a GET request for /vehicles
2023-05-19T19:24:01.712Z info: Received a GET request for /vehicles
2023-05-19T19:24:01.724Z info: Received a GET request for /vehicles
2023-05-19T19:24:01.735Z info: Received a GET request for /vehicles
2023-05-19T19:24:01.747Z info: Received a GET request for /vehicles
2023-05-19T19:24:01.758Z info: Received a GET request for /vehicles
2023-05-19T19:24:01.769Z info: Received a GET request for /vehicles
2023-05-19T19:24:01.781Z info: Received a GET request for /vehicles
2023-05-19T19:24:01.792Z info: Received a GET request for /vehicles
2023-05-19T19:24:01.806Z info: Received a GET request for /vehicles
2023-05-19T19:24:01.818Z info: Received a GET request for /vehicles
2023-05-19T19:24:01.834Z info: Received a GET request for /vehicles
2023-05-19T19:24:01.848Z info: Received a GET request for /vehicles
2023-05-19T19:24:01.857Z info: Received a GET request for /vehicles
2023-05-19T19:24:01.866Z info: Received a GET request for /vehicles
2023-05-19T19:24:01.878Z info: Received a GET request for /vehicles
2023-05-19T19:24:01.888Z info: Received a GET request for /vehicles
2023-05-19T19:24:01.897Z info: Received a GET request for /vehicles
2023-05-19T19:24:01.912Z info: Received a GET request for /vehicles
2023-05-19T19:24:01.923Z info: Received a GET request for /vehicles
2023-05-19T19:24:01.940Z info: Received a GET request for /vehicles
2023-05-19T19:24:01.956Z info: Received a GET request for /vehicles
2023-05-19T19:24:01.985Z info: Received a GET request for /vehicles
2023-05-19T19:24:01.998Z info: Received a GET request for /vehicles
2023-05-19T19:24:02.009Z info: Received a GET request for /vehicles
2023-05-19T19:24:02.021Z info: Received a GET request for /vehicles
2023-05-19T19:24:02.036Z info: Received a GET request for /vehicles
2023-05-19T19:24:02.049Z info: Received a GET request for /vehicles
2023-05-19T19:24:02.060Z info: Received a GET request for /vehicles
2023-05-19T19:24:02.072Z info: Received a GET request for /vehicles
2023-05-19T19:24:02.082Z info: Received a GET request for /vehicles
2023-05-19T19:24:02.094Z info: Received a GET request for /vehicles
2023-05-19T19:24:02.106Z info: Received a GET request for /vehicles
2023-05-19T19:24:02.117Z info: Received a GET request for /vehicles
2023-05-19T19:24:02.128Z info: Received a GET request for /vehicles
2023-05-19T19:24:02.145Z info: Received a GET request for /vehicles
2023-05-19T19:24:02.156Z info: Received a GET request for /vehicles
2023-05-19T19:24:02.169Z info: Received a GET request for /vehicles
2023-05-19T19:24:02.183Z info: Received a GET request for /vehicles
2023-05-19T19:24:02.195Z info: Received a GET request for /vehicles
2023-05-19T19:24:02.208Z info: Received a GET request for /vehicles
2023-05-19T19:24:02.223Z info: Received a GET request for /vehicles
2023-05-19T19:24:02.235Z info: Received a GET request for /vehicles
2023-05-19T19:24:02.248Z info: Received a GET request for /vehicles
2023-05-19T19:24:02.261Z info: Received a GET request for /vehicles
2023-05-19T19:24:02.271Z info: Received a GET request for /vehicles
2023-05-19T19:24:02.283Z info: Received a GET request for /vehicles
2023-05-19T19:24:02.303Z info: Received a GET request for /vehicles
2023-05-19T19:24:02.320Z info: Received a GET request for /vehicles
2023-05-19T19:24:02.332Z info: Received a GET request for /vehicles
2023-05-19T19:24:02.341Z info: Received a GET request for /vehicles
2023-05-19T19:24:02.357Z info: Received a GET request for /vehicles
2023-05-19T19:24:02.365Z info: Received a GET request for /vehicles
2023-05-19T19:24:02.375Z info: Received a GET request for /vehicles
2023-05-19T19:24:02.425Z info: Received a GET request for /vehicles
2023-05-19T19:24:02.435Z info: Received a GET request for /vehicles
2023-05-19T19:24:02.445Z info: Received a GET request for /vehicles
2023-05-19T19:24:02.456Z info: Received a GET request for /vehicles
2023-05-19T19:24:02.466Z info: Received a GET request for /vehicles
2023-05-19T19:24:02.477Z info: Received a GET request for /vehicles
2023-05-19T19:24:02.487Z info: Received a GET request for /vehicles
2023-05-19T19:24:02.496Z info: Received a GET request for /vehicles
2023-05-19T19:24:02.507Z info: Received a GET request for /vehicles
2023-05-19T19:24:02.517Z info: Received a GET request for /vehicles
2023-05-19T19:24:02.527Z info: Received a GET request for /vehicles
2023-05-19T19:24:02.537Z info: Received a GET request for /vehicles
2023-05-19T19:24:02.546Z info: Received a GET request for /vehicles
2023-05-19T19:24:02.556Z info: Received a GET request for /vehicles
2023-05-19T19:24:02.566Z info: Received a GET request for /vehicles
2023-05-19T19:24:02.577Z info: Received a GET request for /vehicles
2023-05-19T19:24:02.592Z info: Received a GET request for /vehicles
2023-05-19T19:24:02.603Z info: Received a GET request for /vehicles
2023-05-19T19:24:02.613Z info: Received a GET request for /vehicles
2023-05-19T19:24:02.624Z info: Received a GET request for /vehicles
2023-05-19T19:24:02.634Z info: Received a GET request for /vehicles
2023-05-19T19:24:02.646Z info: Received a GET request for /vehicles
2023-05-19T19:24:02.658Z info: Received a GET request for /vehicles
2023-05-19T19:24:02.685Z info: Received a GET request for /vehicles
2023-05-19T19:24:02.697Z info: Received a GET request for /vehicles
2023-05-19T19:24:02.762Z info: Received a GET request for /vehicles
2023-05-19T19:24:02.786Z info: Received a GET request for /vehicles
2023-05-19T19:24:02.804Z info: Received a GET request for /vehicles
2023-05-19T19:24:02.826Z info: Received a GET request for /vehicles
2023-05-19T19:24:02.837Z info: Received a GET request for /vehicles
2023-05-19T19:24:02.846Z info: Received a GET request for /vehicles
2023-05-19T19:24:02.854Z info: Received a GET request for /vehicles
2023-05-19T19:24:02.863Z info: Received a GET request for /vehicles
2023-05-19T19:24:02.895Z info: Received a GET request for /vehicles
2023-05-19T19:24:02.906Z info: Received a GET request for /vehicles
2023-05-19T19:24:02.915Z info: Received a GET request for /vehicles
2023-05-19T19:24:02.923Z info: Received a GET request for /vehicles
2023-05-19T19:24:02.935Z info: Received a GET request for /vehicles
2023-05-19T19:24:02.944Z info: Received a GET request for /vehicles
2023-05-19T19:24:02.954Z info: Received a GET request for /vehicles
2023-05-19T19:24:02.967Z info: Received a GET request for /vehicles
2023-05-19T19:24:02.978Z info: Received a GET request for /vehicles
2023-05-19T19:24:02.988Z info: Received a GET request for /vehicles
2023-05-19T19:24:02.998Z info: Received a GET request for /vehicles
2023-05-19T19:24:03.008Z info: Received a GET request for /vehicles
2023-05-19T19:24:03.016Z info: Received a GET request for /vehicles
2023-05-19T19:24:03.024Z info: Received a GET request for /vehicles
2023-05-19T19:24:03.033Z info: Received a GET request for /vehicles
2023-05-19T19:24:03.042Z info: Received a GET request for /vehicles
2023-05-19T19:24:03.052Z info: Received a GET request for /vehicles
2023-05-19T19:24:03.061Z info: Received a GET request for /vehicles
2023-05-19T19:24:03.071Z info: Received a GET request for /vehicles
2023-05-19T19:24:03.080Z info: Received a GET request for /vehicles
2023-05-19T19:24:03.089Z info: Received a GET request for /vehicles
2023-05-19T19:24:03.097Z info: Received a GET request for /vehicles
2023-05-19T19:24:03.116Z info: Received a GET request for /vehicles
2023-05-19T19:24:03.124Z info: Received a GET request for /vehicles
2023-05-19T19:24:03.134Z info: Received a GET request for /vehicles
2023-05-19T19:24:03.143Z info: Received a GET request for /vehicles
2023-05-19T19:24:03.152Z info: Received a GET request for /vehicles
2023-05-19T19:24:03.161Z info: Received a GET request for /vehicles
2023-05-19T19:24:03.170Z info: Received a GET request for /vehicles
2023-05-19T19:24:03.187Z info: Received a GET request for /vehicles
2023-05-19T19:24:03.203Z info: Received a GET request for /vehicles
2023-05-19T19:24:03.215Z info: Received a GET request for /vehicles
2023-05-19T19:24:03.226Z info: Received a GET request for /vehicles
2023-05-19T19:24:03.234Z info: Received a GET request for /vehicles
2023-05-19T19:24:03.242Z info: Received a GET request for /vehicles
2023-05-19T19:24:03.251Z info: Received a GET request for /vehicles
2023-05-19T19:24:03.259Z info: Received a GET request for /vehicles
2023-05-19T19:24:03.268Z info: Received a GET request for /vehicles
2023-05-19T19:24:03.277Z info: Received a GET request for /vehicles
2023-05-19T19:24:03.287Z info: Received a GET request for /vehicles
2023-05-19T19:24:03.296Z info: Received a GET request for /vehicles
2023-05-19T19:24:03.304Z info: Received a GET request for /vehicles
2023-05-19T19:24:03.335Z info: Received a GET request for /vehicles
2023-05-19T19:24:03.348Z info: Received a GET request for /vehicles
2023-05-19T19:24:03.366Z info: Received a GET request for /vehicles
2023-05-19T19:24:03.381Z info: Received a GET request for /vehicles
2023-05-19T19:24:03.395Z info: Received a GET request for /vehicles
2023-05-19T19:24:03.415Z info: Received a GET request for /vehicles
2023-05-19T19:24:03.437Z info: Received a GET request for /vehicles
2023-05-19T19:24:03.482Z info: Received a GET request for /vehicles
2023-05-19T19:24:03.496Z info: Received a GET request for /vehicles
2023-05-19T19:24:03.513Z info: Received a GET request for /vehicles
2023-05-19T19:24:03.532Z info: Received a GET request for /vehicles
2023-05-19T19:24:03.549Z info: Received a GET request for /vehicles
2023-05-19T19:24:03.566Z info: Received a GET request for /vehicles
2023-05-19T19:24:03.639Z info: Received a GET request for /vehicles
2023-05-19T19:24:03.655Z info: Received a GET request for /vehicles
2023-05-19T19:24:03.674Z info: Received a GET request for /vehicles
2023-05-19T19:24:03.690Z info: Received a GET request for /vehicles
2023-05-19T19:24:03.707Z info: Received a GET request for /vehicles
2023-05-19T19:24:03.724Z info: Received a GET request for /vehicles
2023-05-19T19:24:03.738Z info: Received a GET request for /vehicles
2023-05-19T19:24:03.757Z info: Received a GET request for /vehicles
2023-05-19T19:24:03.776Z info: Received a GET request for /vehicles
2023-05-19T19:24:03.792Z info: Received a GET request for /vehicles
2023-05-19T19:24:03.809Z info: Received a GET request for /vehicles
2023-05-19T19:24:03.824Z info: Received a GET request for /vehicles
2023-05-19T19:24:03.843Z info: Received a GET request for /vehicles
2023-05-19T19:24:03.997Z info: Received a GET request for /vehicles
2023-05-19T19:24:04.014Z info: Received a GET request for /vehicles
2023-05-19T19:24:04.026Z info: Received a GET request for /vehicles
2023-05-19T19:24:04.041Z info: Received a GET request for /vehicles
2023-05-19T19:24:04.053Z info: Received a GET request for /vehicles
2023-05-19T19:24:04.067Z info: Received a GET request for /vehicles
2023-05-19T19:24:04.084Z info: Received a GET request for /vehicles
2023-05-19T19:24:04.119Z info: Received a GET request for /vehicles
2023-05-19T19:24:04.135Z info: Received a GET request for /vehicles
2023-05-19T19:24:04.150Z info: Received a GET request for /vehicles
2023-05-19T19:24:04.161Z info: Received a GET request for /vehicles
2023-05-19T19:24:04.171Z info: Received a GET request for /vehicles
2023-05-19T19:24:04.183Z info: Received a GET request for /vehicles
2023-05-19T19:24:04.192Z info: Received a GET request for /vehicles
2023-05-19T19:24:04.203Z info: Received a GET request for /vehicles
2023-05-19T19:24:04.220Z info: Received a GET request for /vehicles
2023-05-19T19:24:04.232Z info: Received a GET request for /vehicles
2023-05-19T19:24:04.246Z info: Received a GET request for /vehicles
2023-05-19T19:24:04.256Z info: Received a GET request for /vehicles
2023-05-19T19:24:04.263Z info: Received a GET request for /vehicles
2023-05-19T19:24:04.275Z info: Received a GET request for /vehicles
2023-05-19T19:24:04.287Z info: Received a GET request for /vehicles
2023-05-19T19:24:04.297Z info: Received a GET request for /vehicles
2023-05-19T19:24:04.306Z info: Received a GET request for /vehicles
2023-05-19T19:24:04.316Z info: Received a GET request for /vehicles
2023-05-19T19:24:04.326Z info: Received a GET request for /vehicles
2023-05-19T19:24:04.338Z info: Received a GET request for /vehicles
2023-05-19T19:24:04.347Z info: Received a GET request for /vehicles
2023-05-19T19:24:04.357Z info: Received a GET request for /vehicles
2023-05-19T19:24:04.367Z info: Received a GET request for /vehicles
2023-05-19T19:24:04.378Z info: Received a GET request for /vehicles
2023-05-19T19:24:04.389Z info: Received a GET request for /vehicles
2023-05-19T19:24:04.402Z info: Received a GET request for /vehicles
2023-05-19T19:24:04.413Z info: Received a GET request for /vehicles
2023-05-19T19:24:04.426Z info: Received a GET request for /vehicles
2023-05-19T19:24:04.436Z info: Received a GET request for /vehicles
2023-05-19T19:24:04.447Z info: Received a GET request for /vehicles
2023-05-19T19:24:04.462Z info: Received a GET request for /vehicles
2023-05-19T19:24:04.473Z info: Received a GET request for /vehicles
2023-05-19T19:24:04.484Z info: Received a GET request for /vehicles
2023-05-19T19:24:04.496Z info: Received a GET request for /vehicles
2023-05-19T19:24:04.508Z info: Received a GET request for /vehicles
2023-05-19T19:24:04.521Z info: Received a GET request for /vehicles
2023-05-19T19:24:04.533Z info: Received a GET request for /vehicles
2023-05-19T19:24:04.546Z info: Received a GET request for /vehicles
2023-05-19T19:24:04.563Z info: Received a GET request for /vehicles
2023-05-19T19:24:04.573Z info: Received a GET request for /vehicles
2023-05-19T19:24:04.586Z info: Received a GET request for /vehicles
2023-05-19T19:24:04.597Z info: Received a GET request for /vehicles
2023-05-19T19:24:04.619Z info: Received a GET request for /vehicles
2023-05-19T19:24:04.630Z info: Received a GET request for /vehicles
2023-05-19T19:24:04.640Z info: Received a GET request for /vehicles
2023-05-19T19:24:04.652Z info: Received a GET request for /vehicles
2023-05-19T19:24:04.662Z info: Received a GET request for /vehicles
2023-05-19T19:24:04.674Z info: Received a GET request for /vehicles
2023-05-19T19:24:04.685Z info: Received a GET request for /vehicles
2023-05-19T19:24:04.696Z info: Received a GET request for /vehicles
2023-05-19T19:24:04.708Z info: Received a GET request for /vehicles
2023-05-19T19:24:04.794Z info: Received a GET request for /vehicles
2023-05-19T19:24:04.815Z info: Received a GET request for /vehicles
2023-05-19T19:24:04.828Z info: Received a GET request for /vehicles
2023-05-19T19:24:04.840Z info: Received a GET request for /vehicles
2023-05-19T19:24:04.852Z info: Received a GET request for /vehicles
2023-05-19T19:24:04.865Z info: Received a GET request for /vehicles
2023-05-19T19:24:04.875Z info: Received a GET request for /vehicles
2023-05-19T19:24:04.890Z info: Received a GET request for /vehicles
2023-05-19T19:24:04.902Z info: Received a GET request for /vehicles
2023-05-19T19:24:04.916Z info: Received a GET request for /vehicles
2023-05-19T19:24:04.932Z info: Received a GET request for /vehicles
2023-05-19T19:24:04.946Z info: Received a GET request for /vehicles
2023-05-19T19:24:04.956Z info: Received a GET request for /vehicles
2023-05-19T19:24:04.968Z info: Received a GET request for /vehicles
2023-05-19T19:24:04.989Z info: Received a GET request for /vehicles
2023-05-19T19:24:05.002Z info: Received a GET request for /vehicles
2023-05-19T19:24:05.019Z info: Received a GET request for /vehicles
2023-05-19T19:24:05.035Z info: Received a GET request for /vehicles
2023-05-19T19:24:05.048Z info: Received a GET request for /vehicles
2023-05-19T19:24:05.058Z info: Received a GET request for /vehicles
2023-05-19T19:24:05.070Z info: Received a GET request for /vehicles
2023-05-19T19:24:05.081Z info: Received a GET request for /vehicles
2023-05-19T19:24:05.090Z info: Received a GET request for /vehicles
2023-05-19T19:24:05.100Z info: Received a GET request for /vehicles
2023-05-19T19:24:05.108Z info: Received a GET request for /vehicles
2023-05-19T19:24:05.118Z info: Received a GET request for /vehicles
2023-05-19T19:24:05.126Z info: Received a GET request for /vehicles
2023-05-19T19:24:05.135Z info: Received a GET request for /vehicles
2023-05-19T19:24:05.143Z info: Received a GET request for /vehicles
2023-05-19T19:24:05.153Z info: Received a GET request for /vehicles
2023-05-19T19:24:05.161Z info: Received a GET request for /vehicles
2023-05-19T19:24:05.172Z info: Received a GET request for /vehicles
2023-05-19T19:24:05.181Z info: Received a GET request for /vehicles
2023-05-19T19:24:05.196Z info: Received a GET request for /vehicles
2023-05-19T19:24:05.203Z info: Received a GET request for /vehicles
2023-05-19T19:24:05.212Z info: Received a GET request for /vehicles
2023-05-19T19:24:05.219Z info: Received a GET request for /vehicles
2023-05-19T19:24:05.226Z info: Received a GET request for /vehicles
2023-05-19T19:24:05.234Z info: Received a GET request for /vehicles
2023-05-19T19:24:05.244Z info: Received a GET request for /vehicles
2023-05-19T19:24:05.252Z info: Received a GET request for /vehicles
2023-05-19T19:24:05.260Z info: Received a GET request for /vehicles
2023-05-19T19:24:05.269Z info: Received a GET request for /vehicles
2023-05-19T19:24:05.277Z info: Received a GET request for /vehicles
2023-05-19T19:24:05.286Z info: Received a GET request for /vehicles
2023-05-19T19:24:05.295Z info: Received a GET request for /vehicles
2023-05-19T19:24:05.308Z info: Received a GET request for /vehicles
2023-05-19T19:24:05.317Z info: Received a GET request for /vehicles
2023-05-19T19:24:05.325Z info: Received a GET request for /vehicles
2023-05-19T19:24:05.333Z info: Received a GET request for /vehicles
2023-05-19T19:24:05.341Z info: Received a GET request for /vehicles
2023-05-19T19:24:05.421Z info: Received a GET request for /vehicles
2023-05-19T19:24:05.432Z info: Received a GET request for /vehicles
2023-05-19T19:24:05.449Z info: Received a GET request for /vehicles
2023-05-19T19:24:05.467Z info: Received a GET request for /vehicles
2023-05-19T19:24:05.515Z info: Received a GET request for /vehicles
2023-05-19T19:24:05.525Z info: Received a GET request for /vehicles
2023-05-19T19:24:05.540Z info: Received a GET request for /vehicles
2023-05-19T19:24:05.548Z info: Received a GET request for /vehicles
2023-05-19T19:24:05.559Z info: Received a GET request for /vehicles
2023-05-19T19:24:05.569Z info: Received a GET request for /vehicles
2023-05-19T19:24:05.579Z info: Received a GET request for /vehicles
2023-05-19T19:24:05.591Z info: Received a GET request for /vehicles
2023-05-19T19:24:05.601Z info: Received a GET request for /vehicles
2023-05-19T19:24:05.612Z info: Received a GET request for /vehicles
2023-05-19T19:24:05.622Z info: Received a GET request for /vehicles
2023-05-19T19:24:05.632Z info: Received a GET request for /vehicles
2023-05-19T19:24:05.646Z info: Received a GET request for /vehicles
2023-05-19T19:24:05.658Z info: Received a GET request for /vehicles
2023-05-19T19:24:05.671Z info: Received a GET request for /vehicles
2023-05-19T19:24:05.684Z info: Received a GET request for /vehicles
2023-05-19T19:24:05.695Z info: Received a GET request for /vehicles
2023-05-19T19:24:05.704Z info: Received a GET request for /vehicles
2023-05-19T19:24:05.715Z info: Received a GET request for /vehicles
2023-05-19T19:24:05.729Z info: Received a GET request for /vehicles
2023-05-19T19:24:05.738Z info: Received a GET request for /vehicles
2023-05-19T19:24:05.748Z info: Received a GET request for /vehicles
2023-05-19T19:24:05.781Z info: Received a GET request for /vehicles
2023-05-19T19:24:05.789Z info: Received a GET request for /vehicles
2023-05-19T19:24:05.796Z info: Received a GET request for /vehicles
2023-05-19T19:24:05.805Z info: Received a GET request for /vehicles
2023-05-19T19:24:05.813Z info: Received a GET request for /vehicles
2023-05-19T19:24:05.823Z info: Received a GET request for /vehicles
2023-05-19T19:24:05.832Z info: Received a GET request for /vehicles
2023-05-19T19:24:05.844Z info: Received a GET request for /vehicles
2023-05-19T19:24:05.854Z info: Received a GET request for /vehicles
2023-05-19T19:24:05.863Z info: Received a GET request for /vehicles
2023-05-19T19:24:05.872Z info: Received a GET request for /vehicles
2023-05-19T19:24:05.883Z info: Received a GET request for /vehicles
2023-05-19T19:24:05.891Z info: Received a GET request for /vehicles
2023-05-19T19:24:05.899Z info: Received a GET request for /vehicles
2023-05-19T19:24:05.908Z info: Received a GET request for /vehicles
2023-05-19T19:24:05.916Z info: Received a GET request for /vehicles
2023-05-19T19:24:05.924Z info: Received a GET request for /vehicles
2023-05-19T19:24:05.933Z info: Received a GET request for /vehicles
2023-05-19T19:24:05.942Z info: Received a GET request for /vehicles
2023-05-19T19:24:05.950Z info: Received a GET request for /vehicles
2023-05-19T19:24:05.958Z info: Received a GET request for /vehicles
2023-05-19T19:24:05.968Z info: Received a GET request for /vehicles
2023-05-19T19:24:05.976Z info: Received a GET request for /vehicles
2023-05-19T19:24:05.986Z info: Received a GET request for /vehicles
2023-05-19T19:24:05.995Z info: Received a GET request for /vehicles
2023-05-19T19:24:06.006Z info: Received a GET request for /vehicles
2023-05-19T19:24:06.018Z info: Received a GET request for /vehicles
2023-05-19T19:24:06.030Z info: Received a GET request for /vehicles
2023-05-19T19:24:06.042Z info: Received a GET request for /vehicles
2023-05-19T19:24:06.056Z info: Received a GET request for /vehicles
2023-05-19T19:24:06.066Z info: Received a GET request for /vehicles
2023-05-19T19:24:06.079Z info: Received a GET request for /vehicles
2023-05-19T19:24:06.090Z info: Received a GET request for /vehicles
2023-05-19T19:24:06.102Z info: Received a GET request for /vehicles
2023-05-19T19:24:06.139Z info: Received a GET request for /vehicles
2023-05-19T19:24:06.151Z info: Received a GET request for /vehicles
2023-05-19T19:24:06.165Z info: Received a GET request for /vehicles
2023-05-19T19:24:06.174Z info: Received a GET request for /vehicles
2023-05-19T19:24:06.185Z info: Received a GET request for /vehicles
2023-05-19T19:24:06.198Z info: Received a GET request for /vehicles
2023-05-19T19:24:06.216Z info: Received a GET request for /vehicles
2023-05-19T19:24:06.225Z info: Received a GET request for /vehicles
2023-05-19T19:24:06.237Z info: Received a GET request for /vehicles
2023-05-19T19:24:06.251Z info: Received a GET request for /vehicles
2023-05-19T19:24:06.265Z info: Received a GET request for /vehicles
2023-05-19T19:24:06.274Z info: Received a GET request for /vehicles
2023-05-19T19:24:06.285Z info: Received a GET request for /vehicles
2023-05-19T19:24:06.296Z info: Received a GET request for /vehicles
2023-05-19T19:24:06.307Z info: Received a GET request for /vehicles
2023-05-19T19:24:06.315Z info: Received a GET request for /vehicles
2023-05-19T19:24:06.324Z info: Received a GET request for /vehicles
2023-05-19T19:24:06.334Z info: Received a GET request for /vehicles
2023-05-19T19:24:06.355Z info: Received a GET request for /vehicles
2023-05-19T19:24:06.372Z info: Received a GET request for /vehicles
2023-05-19T19:24:06.382Z info: Received a GET request for /vehicles
2023-05-19T19:24:06.391Z info: Received a GET request for /vehicles
2023-05-19T19:24:06.400Z info: Received a GET request for /vehicles
2023-05-19T19:24:06.410Z info: Received a GET request for /vehicles
2023-05-19T19:24:06.419Z info: Received a GET request for /vehicles
2023-05-19T19:24:06.428Z info: Received a GET request for /vehicles
2023-05-19T19:24:06.436Z info: Received a GET request for /vehicles
2023-05-19T19:24:06.448Z info: Received a GET request for /vehicles
2023-05-19T19:24:06.457Z info: Received a GET request for /vehicles
2023-05-19T19:24:06.467Z info: Received a GET request for /vehicles
2023-05-19T19:24:06.477Z info: Received a GET request for /vehicles
2023-05-19T19:24:06.507Z info: Received a GET request for /vehicles
2023-05-19T19:24:06.530Z info: Received a GET request for /vehicles
2023-05-19T19:24:06.549Z info: Received a GET request for /vehicles
2023-05-19T19:24:06.566Z info: Received a GET request for /vehicles
2023-05-19T19:24:06.584Z info: Received a GET request for /vehicles
2023-05-19T19:24:06.596Z info: Received a GET request for /vehicles
2023-05-19T19:24:06.616Z info: Received a GET request for /vehicles
2023-05-19T19:24:06.648Z info: Received a GET request for /vehicles
2023-05-19T19:24:06.670Z info: Received a GET request for /vehicles
2023-05-19T19:24:06.683Z info: Received a GET request for /vehicles
2023-05-19T19:24:06.698Z info: Received a GET request for /vehicles
2023-05-19T19:24:06.708Z info: Received a GET request for /vehicles
2023-05-19T19:24:06.718Z info: Received a GET request for /vehicles
2023-05-19T19:24:06.726Z info: Received a GET request for /vehicles
2023-05-19T19:24:06.737Z info: Received a GET request for /vehicles
2023-05-19T19:24:06.746Z info: Received a GET request for /vehicles
2023-05-19T19:24:06.756Z info: Received a GET request for /vehicles
2023-05-19T19:24:06.765Z info: Received a GET request for /vehicles
2023-05-19T19:24:06.775Z info: Received a GET request for /vehicles
2023-05-19T19:24:06.785Z info: Received a GET request for /vehicles
2023-05-19T19:24:06.795Z info: Received a GET request for /vehicles
2023-05-19T19:24:06.806Z info: Received a GET request for /vehicles
2023-05-19T19:24:06.876Z info: Received a GET request for /vehicles
2023-05-19T19:24:06.886Z info: Received a GET request for /vehicles
2023-05-19T19:24:06.896Z info: Received a GET request for /vehicles
2023-05-19T19:24:06.905Z info: Received a GET request for /vehicles
2023-05-19T19:24:06.915Z info: Received a GET request for /vehicles
2023-05-19T19:24:06.924Z info: Received a GET request for /vehicles
2023-05-19T19:24:06.934Z info: Received a GET request for /vehicles
2023-05-19T19:24:06.944Z info: Received a GET request for /vehicles
2023-05-19T19:24:06.957Z info: Received a GET request for /vehicles
2023-05-19T19:24:06.967Z info: Received a GET request for /vehicles
2023-05-19T19:24:06.975Z info: Received a GET request for /vehicles
2023-05-19T19:24:06.984Z info: Received a GET request for /vehicles
2023-05-19T19:24:06.992Z info: Received a GET request for /vehicles
2023-05-19T19:24:07.001Z info: Received a GET request for /vehicles
2023-05-19T19:24:07.013Z info: Received a GET request for /vehicles
2023-05-19T19:24:07.020Z info: Received a GET request for /vehicles
2023-05-19T19:24:07.029Z info: Received a GET request for /vehicles
2023-05-19T19:24:07.039Z info: Received a GET request for /vehicles
2023-05-19T19:24:07.048Z info: Received a GET request for /vehicles
2023-05-19T19:24:07.065Z info: Received a GET request for /vehicles
2023-05-19T19:24:07.077Z info: Received a GET request for /vehicles
2023-05-19T19:24:07.089Z info: Received a GET request for /vehicles
2023-05-19T19:24:07.102Z info: Received a GET request for /vehicles
2023-05-19T19:24:07.126Z info: Received a GET request for /vehicles
2023-05-19T19:24:07.138Z info: Received a GET request for /vehicles
2023-05-19T19:24:07.148Z info: Received a GET request for /vehicles
2023-05-19T19:24:07.162Z info: Received a GET request for /vehicles
2023-05-19T19:24:07.175Z info: Received a GET request for /vehicles
2023-05-19T19:24:07.187Z info: Received a GET request for /vehicles
2023-05-19T19:24:07.197Z info: Received a GET request for /vehicles
2023-05-19T19:24:07.208Z info: Received a GET request for /vehicles
2023-05-19T19:24:07.216Z info: Received a GET request for /vehicles
2023-05-19T19:24:07.227Z info: Received a GET request for /vehicles
2023-05-19T19:24:07.256Z info: Received a GET request for /vehicles
2023-05-19T19:24:07.266Z info: Received a GET request for /vehicles
2023-05-19T19:24:07.275Z info: Received a GET request for /vehicles
2023-05-19T19:24:07.285Z info: Received a GET request for /vehicles
2023-05-19T19:24:07.293Z info: Received a GET request for /vehicles
2023-05-19T19:24:07.303Z info: Received a GET request for /vehicles
2023-05-19T19:24:07.311Z info: Received a GET request for /vehicles
2023-05-19T19:24:07.320Z info: Received a GET request for /vehicles
2023-05-19T19:24:07.328Z info: Received a GET request for /vehicles
2023-05-19T19:24:07.337Z info: Received a GET request for /vehicles
2023-05-19T19:24:07.347Z info: Received a GET request for /vehicles
2023-05-19T19:24:07.356Z info: Received a GET request for /vehicles
2023-05-19T19:24:07.365Z info: Received a GET request for /vehicles
2023-05-19T19:24:07.373Z info: Received a GET request for /vehicles
2023-05-19T19:24:07.382Z info: Received a GET request for /vehicles
2023-05-19T19:24:07.391Z info: Received a GET request for /vehicles
2023-05-19T19:24:07.399Z info: Received a GET request for /vehicles
2023-05-19T19:24:07.407Z info: Received a GET request for /vehicles
2023-05-19T19:24:07.416Z info: Received a GET request for /vehicles
2023-05-19T19:24:07.426Z info: Received a GET request for /vehicles
2023-05-19T19:24:07.434Z info: Received a GET request for /vehicles
2023-05-19T19:24:07.461Z info: Received a GET request for /vehicles
2023-05-19T19:24:07.470Z info: Received a GET request for /vehicles
2023-05-19T19:24:07.482Z info: Received a GET request for /vehicles
2023-05-19T19:24:07.492Z info: Received a GET request for /vehicles
2023-05-19T19:24:07.501Z info: Received a GET request for /vehicles
2023-05-19T19:24:07.512Z info: Received a GET request for /vehicles
2023-05-19T19:24:07.522Z info: Received a GET request for /vehicles
2023-05-19T19:24:07.532Z info: Received a GET request for /vehicles
2023-05-19T19:24:07.541Z info: Received a GET request for /vehicles
2023-05-19T19:24:07.551Z info: Received a GET request for /vehicles
2023-05-19T19:24:07.561Z info: Received a GET request for /vehicles
2023-05-19T19:24:07.571Z info: Received a GET request for /vehicles
2023-05-19T19:24:07.580Z info: Received a GET request for /vehicles
2023-05-19T19:24:07.588Z info: Received a GET request for /vehicles
2023-05-19T19:24:07.599Z info: Received a GET request for /vehicles
2023-05-19T19:24:07.624Z info: Received a GET request for /vehicles
2023-05-19T19:24:07.637Z info: Received a GET request for /vehicles
2023-05-19T19:24:07.647Z info: Received a GET request for /vehicles
2023-05-19T19:24:07.657Z info: Received a GET request for /vehicles
2023-05-19T19:24:07.666Z info: Received a GET request for /vehicles
2023-05-19T19:24:07.674Z info: Received a GET request for /vehicles
2023-05-19T19:24:07.682Z info: Received a GET request for /vehicles
2023-05-19T19:24:07.694Z info: Received a GET request for /vehicles
2023-05-19T19:24:07.709Z info: Received a GET request for /vehicles
2023-05-19T19:24:07.718Z info: Received a GET request for /vehicles
2023-05-19T19:24:07.733Z info: Received a GET request for /vehicles
2023-05-19T19:24:07.743Z info: Received a GET request for /vehicles
2023-05-19T19:24:07.752Z info: Received a GET request for /vehicles
2023-05-19T19:24:07.761Z info: Received a GET request for /vehicles
2023-05-19T19:24:07.770Z info: Received a GET request for /vehicles
2023-05-19T19:24:07.779Z info: Received a GET request for /vehicles
2023-05-19T19:24:07.790Z info: Received a GET request for /vehicles
2023-05-19T19:24:07.800Z info: Received a GET request for /vehicles
2023-05-19T19:24:07.811Z info: Received a GET request for /vehicles
2023-05-19T19:24:07.821Z info: Received a GET request for /vehicles
2023-05-19T19:24:07.833Z info: Received a GET request for /vehicles
2023-05-19T19:24:07.843Z info: Received a GET request for /vehicles
2023-05-19T19:24:07.852Z info: Received a GET request for /vehicles
2023-05-19T19:24:07.862Z info: Received a GET request for /vehicles
2023-05-19T19:24:07.873Z info: Received a GET request for /vehicles
2023-05-19T19:24:07.884Z info: Received a GET request for /vehicles
2023-05-19T19:24:07.894Z info: Received a GET request for /vehicles
2023-05-19T19:24:07.908Z info: Received a GET request for /vehicles
2023-05-19T19:24:07.921Z info: Received a GET request for /vehicles
2023-05-19T19:24:07.935Z info: Received a GET request for /vehicles
2023-05-19T19:24:07.946Z info: Received a GET request for /vehicles
2023-05-19T19:24:07.959Z info: Received a GET request for /vehicles
2023-05-19T19:24:07.987Z info: Received a GET request for /vehicles
2023-05-19T19:24:08.010Z info: Received a GET request for /vehicles
2023-05-19T19:24:08.023Z info: Received a GET request for /vehicles
2023-05-19T19:24:08.034Z info: Received a GET request for /vehicles
2023-05-19T19:24:08.049Z info: Received a GET request for /vehicles
2023-05-19T19:24:08.060Z info: Received a GET request for /vehicles
2023-05-19T19:24:08.070Z info: Received a GET request for /vehicles
2023-05-19T19:24:08.083Z info: Received a GET request for /vehicles
2023-05-19T19:24:08.093Z info: Received a GET request for /vehicles
2023-05-19T19:24:08.104Z info: Received a GET request for /vehicles
2023-05-19T19:24:08.116Z info: Received a GET request for /vehicles
2023-05-19T19:24:08.133Z info: Received a GET request for /vehicles
2023-05-19T19:24:08.144Z info: Received a GET request for /vehicles
2023-05-19T19:24:08.158Z info: Received a GET request for /vehicles
2023-05-19T19:24:08.168Z info: Received a GET request for /vehicles
2023-05-19T19:24:08.184Z info: Received a GET request for /vehicles
2023-05-19T19:24:08.196Z info: Received a GET request for /vehicles
2023-05-19T19:24:08.206Z info: Received a GET request for /vehicles
2023-05-19T19:24:08.216Z info: Received a GET request for /vehicles
2023-05-19T19:24:08.231Z info: Received a GET request for /vehicles
2023-05-19T19:24:08.240Z info: Received a GET request for /vehicles
2023-05-19T19:24:08.250Z info: Received a GET request for /vehicles
2023-05-19T19:24:08.261Z info: Received a GET request for /vehicles
2023-05-19T19:24:08.269Z info: Received a GET request for /vehicles
2023-05-19T19:24:08.280Z info: Received a GET request for /vehicles
2023-05-19T19:24:08.291Z info: Received a GET request for /vehicles
2023-05-19T19:24:08.300Z info: Received a GET request for /vehicles
2023-05-19T19:24:08.310Z info: Received a GET request for /vehicles
2023-05-19T19:24:08.320Z info: Received a GET request for /vehicles
2023-05-19T19:24:08.332Z info: Received a GET request for /vehicles
2023-05-19T19:24:08.341Z info: Received a GET request for /vehicles
2023-05-19T19:24:08.350Z info: Received a GET request for /vehicles
2023-05-19T19:24:08.360Z info: Received a GET request for /vehicles
2023-05-19T19:24:08.369Z info: Received a GET request for /vehicles
2023-05-19T19:24:08.379Z info: Received a GET request for /vehicles
2023-05-19T19:24:08.391Z info: Received a GET request for /vehicles
2023-05-19T19:24:08.401Z info: Received a GET request for /vehicles
2023-05-19T19:24:08.415Z info: Received a GET request for /vehicles
2023-05-19T19:24:08.425Z info: Received a GET request for /vehicles
2023-05-19T19:24:08.435Z info: Received a GET request for /vehicles
2023-05-19T19:24:08.449Z info: Received a GET request for /vehicles
2023-05-19T19:24:08.459Z info: Received a GET request for /vehicles
2023-05-19T19:24:08.469Z info: Received a GET request for /vehicles
2023-05-19T19:24:08.482Z info: Received a GET request for /vehicles
2023-05-19T19:24:08.494Z info: Received a GET request for /vehicles
2023-05-19T19:24:08.504Z info: Received a GET request for /vehicles
2023-05-19T19:24:08.514Z info: Received a GET request for /vehicles
2023-05-19T19:24:08.525Z info: Received a GET request for /vehicles
2023-05-19T19:24:08.533Z info: Received a GET request for /vehicles
2023-05-19T19:24:08.545Z info: Received a GET request for /vehicles
2023-05-19T19:24:08.554Z info: Received a GET request for /vehicles
2023-05-19T19:24:08.565Z info: Received a GET request for /vehicles
2023-05-19T19:24:08.573Z info: Received a GET request for /vehicles
2023-05-19T19:24:08.582Z info: Received a GET request for /vehicles
2023-05-19T19:24:08.591Z info: Received a GET request for /vehicles
2023-05-19T19:24:08.602Z info: Received a GET request for /vehicles
2023-05-19T19:24:08.611Z info: Received a GET request for /vehicles
2023-05-19T19:24:08.621Z info: Received a GET request for /vehicles
2023-05-19T19:24:08.631Z info: Received a GET request for /vehicles
2023-05-19T19:24:08.640Z info: Received a GET request for /vehicles
2023-05-19T19:24:08.649Z info: Received a GET request for /vehicles
2023-05-19T19:24:08.657Z info: Received a GET request for /vehicles
2023-05-19T19:24:08.735Z info: Received a GET request for /vehicles
2023-05-19T19:24:08.745Z info: Received a GET request for /vehicles
2023-05-19T19:24:08.761Z info: Received a GET request for /vehicles
2023-05-19T19:24:08.778Z info: Received a GET request for /vehicles
2023-05-19T19:24:08.798Z info: Received a GET request for /vehicles
2023-05-19T19:24:08.811Z info: Received a GET request for /vehicles
2023-05-19T19:24:08.827Z info: Received a GET request for /vehicles
2023-05-19T19:24:08.841Z info: Received a GET request for /vehicles
2023-05-19T19:24:08.861Z info: Received a GET request for /vehicles
2023-05-19T19:24:08.872Z info: Received a GET request for /vehicles
2023-05-19T19:24:08.881Z info: Received a GET request for /vehicles
2023-05-19T19:24:08.890Z info: Received a GET request for /vehicles
2023-05-19T19:24:08.898Z info: Received a GET request for /vehicles
2023-05-19T19:24:08.908Z info: Received a GET request for /vehicles
2023-05-19T19:24:08.997Z info: Received a GET request for /vehicles
2023-05-19T19:24:09.518Z info: Received a GET request for /vehicles
2023-05-19T19:24:09.547Z info: Received a GET request for /vehicles
2023-05-19T19:24:09.581Z info: Received a GET request for /vehicles
2023-05-19T19:24:09.597Z info: Received a GET request for /vehicles
2023-05-19T19:24:09.606Z info: Received a GET request for /vehicles
2023-05-19T19:24:14.184Z info: Received a GET request for /vehicles
2023-05-19T19:24:14.231Z info: Received a GET request for /vehicles
2023-05-19T19:26:44.375Z info: Received a GET request for /vehicles
2023-05-19T19:26:44.487Z info: Received a GET request for /vehicles
2023-05-19T19:26:52.461Z info: Received a GET request for /vehicles
2023-05-19T19:26:52.475Z info: Received a GET request for /vehicles
2023-05-19T19:27:07.712Z info: Received a GET request for /vehicles
2023-05-19T19:27:07.729Z info: Received a GET request for /vehicles
2023-05-19T19:27:28.910Z info: Received a GET request for /vehicles
2023-05-19T19:27:28.935Z info: Received a GET request for /vehicles
2023-05-19T19:27:50.013Z info: Received a GET request for /vehicles
2023-05-19T19:27:50.088Z info: Received a GET request for /vehicles
2023-05-19T19:29:44.325Z info: Received a GET request for /vehicles
2023-05-19T19:29:44.499Z info: Received a GET request for /vehicles
2023-05-19T20:18:43.684Z info: Received a GET request for /vehicles
2023-05-19T20:18:44.471Z info: Received a GET request for /vehicles
2023-05-19T20:26:47.501Z info: Server is running on port 3030!
2023-05-19T20:26:47.561Z info: Connected to MongoDB
2023-05-19T20:27:06.524Z info: Server is running on port 3030!
2023-05-19T20:27:06.547Z info: Connected to MongoDB
2023-05-19T20:27:26.786Z info: Server is running on port 3030!
2023-05-19T20:27:26.800Z info: Connected to MongoDB
2023-05-19T20:44:19.880Z info: Server is running on port 3030!
2023-05-19T20:44:20.061Z info: Connected to MongoDB
2023-05-19T20:44:36.765Z info: Server is running on port 3030!
2023-05-19T20:44:36.795Z info: Connected to MongoDB
2023-05-19T20:44:59.114Z info: Server is running on port 3030!
2023-05-19T20:44:59.127Z info: Connected to MongoDB
2023-05-19T20:45:41.546Z info: Server is running on port 3030!
2023-05-19T20:45:41.573Z info: Connected to MongoDB
2023-05-19T20:56:17.375Z info: Server is running on port 3030!
2023-05-19T20:56:17.468Z info: Connected to MongoDB
2023-05-19T20:57:27.063Z info: Server is running on port 3030!
2023-05-19T20:57:27.084Z info: Connected to MongoDB
2023-05-19T21:00:28.672Z info: Received a POST request for /vehicles/create
2023-05-19T21:00:58.942Z info: Received a DELETE request for /vehicle/6467e36c743f043c1d4b566
2023-05-19T21:01:06.855Z info: Received a DELETE request for /vehicle/6467e36c743f043c1d4b566
2023-05-19T21:01:14.591Z info: Received a DELETE request for /vehicles/6467e36c743f043c1d4b566
2023-05-19T21:01:23.067Z info: Received a DELETE request for /vehicles/6467e36c743f043c1d4b566
2023-05-19T21:04:15.341Z info: Received a POST request for /vehicles/create
2023-05-19T21:04:40.041Z info: Received a GET request for /vehicles
2023-05-19T21:04:41.161Z info: Received a GET request for /vehicles
2023-05-19T21:16:51.426Z info: Received a GET request for /vehicles
2023-05-19T21:16:51.662Z info: Received a GET request for /vehicles
2023-05-19T21:17:32.466Z info: Received a GET request for /vehicles
2023-05-19T21:17:32.517Z info: Received a GET request for /vehicles
2023-05-19T21:17:35.427Z info: Received a GET request for /vehicles
2023-05-19T21:17:35.449Z info: Received a GET request for /vehicles
2023-05-19T21:18:43.443Z info: Server is running on port 3030!
2023-05-19T21:18:43.634Z info: Connected to MongoDB
2023-05-19T21:20:08.466Z info: Server is running on port 3030!
2023-05-19T21:20:08.556Z info: Connected to MongoDB
2023-05-19T21:20:30.620Z info: Received a GET request for /vehicles
2023-05-19T21:20:30.872Z info: Received a GET request for /vehicles
2023-05-19T21:20:37.626Z info: Received a GET request for /vehicles
2023-05-19T21:20:37.634Z info: Received a GET request for /vehicles
2023-05-19T21:20:51.815Z info: Server is running on port 3030!
2023-05-19T21:20:51.976Z info: Connected to MongoDB
2023-05-19T21:20:55.938Z info: Received a GET request for /vehicles
2023-05-19T21:20:55.991Z info: Received a GET request for /vehicles
2023-05-19T21:21:07.088Z info: Server is running on port 3030!
2023-05-19T21:21:07.107Z info: Connected to MongoDB
2023-05-19T21:21:22.864Z info: Received a GET request for /vehicles
2023-05-19T21:21:22.932Z info: Received a GET request for /vehicles
2023-05-19T21:21:33.511Z info: Server is running on port 3030!
2023-05-19T21:21:33.542Z info: Connected to MongoDB
2023-05-19T21:26:37.258Z info: Received a GET request for /vehicles
2023-05-19T21:26:37.481Z info: Received a GET request for /vehicles
2023-05-19T21:38:23.786Z info: Received a GET request for /vehicles
2023-05-19T21:38:23.985Z info: Received a GET request for /vehicles
2023-05-19T21:54:33.493Z info: Received a GET request for /vehicles
2023-05-19T21:54:33.718Z info: Received a GET request for /vehicles
2023-05-19T21:55:14.346Z info: Received a GET request for /vehicles
2023-05-19T21:55:31.700Z info: Received a GET request for /vehicles
2023-05-19T21:56:44.508Z info: Received a GET request for /vehicles
2023-05-19T21:56:44.575Z info: Received a GET request for /vehicles
2023-05-19T21:59:27.550Z info: Received a GET request for /vehicles
2023-05-19T21:59:27.801Z info: Received a GET request for /vehicles
2023-05-19T21:59:32.923Z info: Received a GET request for /vehicles
2023-05-19T21:59:32.953Z info: Received a GET request for /vehicles
2023-05-19T21:59:49.243Z info: Received a GET request for /vehicles
2023-05-19T21:59:49.375Z info: Received a GET request for /vehicles
2023-05-19T22:04:17.848Z info: Received a GET request for /vehicles
2023-05-19T22:04:18.046Z info: Received a GET request for /vehicles
